#-----------------------------------------------------------
# Vivado v2020.2 (64-bit)
# SW Build 3064766 on Wed Nov 18 09:12:45 MST 2020
# IP Build 3064653 on Wed Nov 18 14:17:31 MST 2020
# Start of session at: Fri Jun 30 09:29:59 2023
# Process ID: 20296
# Current directory: C:/Users/ingenieur_elec_fpga/Desktop/projet_4/project_1
# Command line: vivado.exe -gui_launcher_event rodinguilauncherevent5616 C:\Users\ingenieur_elec_fpga\Desktop\projet_4\project_1\project_1.xpr
# Log file: C:/Users/ingenieur_elec_fpga/Desktop/projet_4/project_1/vivado.log
# Journal file: C:/Users/ingenieur_elec_fpga/Desktop/projet_4/project_1\vivado.jou
#-----------------------------------------------------------
start_gui
open_project C:/Users/ingenieur_elec_fpga/Desktop/projet_4/project_1/project_1.xpr
Scanning sources...
Finished scanning sources
INFO: [IP_Flow 19-234] Refreshing IP repositories
INFO: [IP_Flow 19-1704] No user IP repositories specified
INFO: [IP_Flow 19-2313] Loaded Vivado IP repository 'D:/fpga/Vivado/2020.2/data/ip'.
open_project: Time (s): cpu = 00:00:29 ; elapsed = 00:00:33 . Memory (MB): peak = 981.824 ; gain = 0.000
update_compile_order -fileset sources_1
launch_simulation
Command: launch_simulation 
INFO: [Vivado 12-5698] Checking validity of IPs in the design for the 'XSim' simulator...
INFO: [Vivado 12-5682] Launching behavioral simulation in 'C:/Users/ingenieur_elec_fpga/Desktop/projet_4/project_1/project_1.sim/sim_1/behav/xsim'
INFO: [Vivado 12-4795] Using compiled simulation libraries for IPs
INFO: [SIM-utils-51] Simulation object is 'sim_1'
INFO: [USF-XSim-7] Finding pre-compiled libraries...
INFO: [USF-XSim-11] File 'D:/fpga/Vivado/2020.2/data/xsim/xsim.ini' copied to run dir:'C:/Users/ingenieur_elec_fpga/Desktop/projet_4/project_1/project_1.sim/sim_1/behav/xsim'
INFO: [SIM-utils-54] Inspecting design source files for 'tb' in fileset 'sim_1'...
INFO: [USF-XSim-97] Finding global include files...
INFO: [USF-XSim-98] Fetching design files from 'sim_1'...
INFO: [USF-XSim-2] XSim::Compile design
INFO: [USF-XSim-61] Executing 'COMPILE and ANALYZE' step in 'C:/Users/ingenieur_elec_fpga/Desktop/projet_4/project_1/project_1.sim/sim_1/behav/xsim'
"xvlog --incr --relax -prj tb_vlog.prj"
"xvhdl --incr --relax -prj tb_vhdl.prj"
run_program: Time (s): cpu = 00:00:01 ; elapsed = 00:00:05 . Memory (MB): peak = 981.824 ; gain = 0.000
INFO: [USF-XSim-69] 'compile' step finished in '5' seconds
INFO: [USF-XSim-3] XSim::Elaborate design
INFO: [USF-XSim-61] Executing 'ELABORATE' step in 'C:/Users/ingenieur_elec_fpga/Desktop/projet_4/project_1/project_1.sim/sim_1/behav/xsim'
"xelab -wto e316016b35bd429cb9275e7e5d953028 --incr --debug typical --relax --mt 2 -L xil_defaultlib -L unisims_ver -L unimacro_ver -L secureip -L xpm --snapshot tb_behav xil_defaultlib.tb xil_defaultlib.glbl -log elaborate.log"
Vivado Simulator 2020.2
Copyright 1986-1999, 2001-2020 Xilinx, Inc. All Rights Reserved.
Running: D:/fpga/Vivado/2020.2/bin/unwrapped/win64.o/xelab.exe -wto e316016b35bd429cb9275e7e5d953028 --incr --debug typical --relax --mt 2 -L xil_defaultlib -L unisims_ver -L unimacro_ver -L secureip -L xpm --snapshot tb_behav xil_defaultlib.tb xil_defaultlib.glbl -log elaborate.log 
Using 2 slave threads.
Starting static elaboration
Pass Through NonSizing Optimizer
Completed static elaboration
INFO: [XSIM 43-4323] No Change in HDL. Linking previously generated obj files to create kernel
INFO: [USF-XSim-69] 'elaborate' step finished in '4' seconds
INFO: [USF-XSim-4] XSim::Simulate design
INFO: [USF-XSim-61] Executing 'SIMULATE' step in 'C:/Users/ingenieur_elec_fpga/Desktop/projet_4/project_1/project_1.sim/sim_1/behav/xsim'
INFO: [USF-XSim-98] *** Running xsim
   with args "tb_behav -key {Behavioral:sim_1:Functional:tb} -tclbatch {tb.tcl} -view {C:/Users/ingenieur_elec_fpga/Desktop/projet_4/project_1/tb_behav.wcfg} -log {simulate.log}"
INFO: [USF-XSim-8] Loading simulator feature
Vivado Simulator 2020.2
Time resolution is 1 ps
open_wave_config C:/Users/ingenieur_elec_fpga/Desktop/projet_4/project_1/tb_behav.wcfg
source tb.tcl
# set curr_wave [current_wave_config]
# if { [string length $curr_wave] == 0 } {
#   if { [llength [get_objects]] > 0} {
#     add_wave /
#     set_property needs_save false [current_wave_config]
#   } else {
#      send_msg_id Add_Wave-1 WARNING "No top level signals found. Simulator will start without a wave window. If you want to open a wave window go to 'File->New Waveform Configuration' or type 'create_wave_config' in the TCL console."
#   }
# }
# run 1000ns
xsim: Time (s): cpu = 00:00:13 ; elapsed = 00:00:39 . Memory (MB): peak = 981.824 ; gain = 0.000
INFO: [USF-XSim-96] XSim completed. Design snapshot 'tb_behav' loaded.
INFO: [USF-XSim-97] XSim simulation ran for 1000ns
launch_simulation: Time (s): cpu = 00:00:22 ; elapsed = 00:00:57 . Memory (MB): peak = 981.824 ; gain = 0.000
run 1ms
run: Time (s): cpu = 00:00:01 ; elapsed = 00:00:09 . Memory (MB): peak = 981.824 ; gain = 0.000
save_wave_config {C:/Users/ingenieur_elec_fpga/Desktop/projet_4/project_1/tb_behav.wcfg}
save_wave_config {C:/Users/ingenieur_elec_fpga/Desktop/projet_4/project_1/tb_behav.wcfg}
close_sim
INFO: [Simtcl 6-16] Simulation closed
launch_simulation
Command: launch_simulation 
INFO: [Vivado 12-5698] Checking validity of IPs in the design for the 'XSim' simulator...
INFO: [Vivado 12-5682] Launching behavioral simulation in 'C:/Users/ingenieur_elec_fpga/Desktop/projet_4/project_1/project_1.sim/sim_1/behav/xsim'
INFO: [Vivado 12-4795] Using compiled simulation libraries for IPs
INFO: [SIM-utils-51] Simulation object is 'sim_1'
INFO: [USF-XSim-7] Finding pre-compiled libraries...
INFO: [USF-XSim-11] File 'D:/fpga/Vivado/2020.2/data/xsim/xsim.ini' copied to run dir:'C:/Users/ingenieur_elec_fpga/Desktop/projet_4/project_1/project_1.sim/sim_1/behav/xsim'
INFO: [SIM-utils-54] Inspecting design source files for 'tb' in fileset 'sim_1'...
INFO: [USF-XSim-97] Finding global include files...
INFO: [USF-XSim-98] Fetching design files from 'sim_1'...
INFO: [USF-XSim-2] XSim::Compile design
INFO: [USF-XSim-61] Executing 'COMPILE and ANALYZE' step in 'C:/Users/ingenieur_elec_fpga/Desktop/projet_4/project_1/project_1.sim/sim_1/behav/xsim'
"xvlog --incr --relax -prj tb_vlog.prj"
"xvhdl --incr --relax -prj tb_vhdl.prj"
INFO: [VRFC 10-163] Analyzing VHDL file "C:/Users/ingenieur_elec_fpga/Desktop/projet_4/generateur_pattern.vhd" into library xil_defaultlib
INFO: [VRFC 10-3107] analyzing entity 'generateur_pattern'
INFO: [VRFC 10-163] Analyzing VHDL file "C:/Users/ingenieur_elec_fpga/Desktop/projet_4/top.vhd" into library xil_defaultlib
INFO: [VRFC 10-3107] analyzing entity 'top'
run_program: Time (s): cpu = 00:00:01 ; elapsed = 00:00:07 . Memory (MB): peak = 1478.734 ; gain = 0.000
INFO: [USF-XSim-69] 'compile' step finished in '7' seconds
INFO: [USF-XSim-3] XSim::Elaborate design
INFO: [USF-XSim-61] Executing 'ELABORATE' step in 'C:/Users/ingenieur_elec_fpga/Desktop/projet_4/project_1/project_1.sim/sim_1/behav/xsim'
"xelab -wto e316016b35bd429cb9275e7e5d953028 --incr --debug typical --relax --mt 2 -L xil_defaultlib -L unisims_ver -L unimacro_ver -L secureip -L xpm --snapshot tb_behav xil_defaultlib.tb xil_defaultlib.glbl -log elaborate.log"
Vivado Simulator 2020.2
Copyright 1986-1999, 2001-2020 Xilinx, Inc. All Rights Reserved.
Running: D:/fpga/Vivado/2020.2/bin/unwrapped/win64.o/xelab.exe -wto e316016b35bd429cb9275e7e5d953028 --incr --debug typical --relax --mt 2 -L xil_defaultlib -L unisims_ver -L unimacro_ver -L secureip -L xpm --snapshot tb_behav xil_defaultlib.tb xil_defaultlib.glbl -log elaborate.log 
Using 2 slave threads.
Starting static elaboration
Pass Through NonSizing Optimizer
ERROR: [VRFC 10-664] expression has 4 elements ; expected 8 [C:/Users/ingenieur_elec_fpga/Desktop/projet_4/top.vhd:34]
ERROR: [VRFC 10-664] expression has 4 elements ; expected 8 [C:/Users/ingenieur_elec_fpga/Desktop/projet_4/top.vhd:35]
ERROR: [VRFC 10-664] expression has 4 elements ; expected 8 [C:/Users/ingenieur_elec_fpga/Desktop/projet_4/top.vhd:36]
ERROR: [XSIM 43-3322] Static elaboration of top level Verilog design unit(s) in library work failed.
INFO: [USF-XSim-69] 'elaborate' step finished in '5' seconds
INFO: [USF-XSim-99] Step results log file:'C:/Users/ingenieur_elec_fpga/Desktop/projet_4/project_1/project_1.sim/sim_1/behav/xsim/elaborate.log'
ERROR: [USF-XSim-62] 'elaborate' step failed with error(s). Please check the Tcl console output or 'C:/Users/ingenieur_elec_fpga/Desktop/projet_4/project_1/project_1.sim/sim_1/behav/xsim/elaborate.log' file for more information.
ERROR: [Vivado 12-4473] Detected error while running simulation. Please correct the issue and retry this operation.
launch_simulation: Time (s): cpu = 00:00:03 ; elapsed = 00:00:15 . Memory (MB): peak = 1478.734 ; gain = 0.000
ERROR: [Common 17-39] 'launch_simulation' failed due to earlier errors.
launch_simulation
Command: launch_simulation 
INFO: [Vivado 12-5698] Checking validity of IPs in the design for the 'XSim' simulator...
INFO: [Vivado 12-5682] Launching behavioral simulation in 'C:/Users/ingenieur_elec_fpga/Desktop/projet_4/project_1/project_1.sim/sim_1/behav/xsim'
INFO: [Vivado 12-4795] Using compiled simulation libraries for IPs
INFO: [SIM-utils-51] Simulation object is 'sim_1'
INFO: [USF-XSim-7] Finding pre-compiled libraries...
INFO: [USF-XSim-11] File 'D:/fpga/Vivado/2020.2/data/xsim/xsim.ini' copied to run dir:'C:/Users/ingenieur_elec_fpga/Desktop/projet_4/project_1/project_1.sim/sim_1/behav/xsim'
INFO: [SIM-utils-54] Inspecting design source files for 'tb' in fileset 'sim_1'...
INFO: [USF-XSim-97] Finding global include files...
INFO: [USF-XSim-98] Fetching design files from 'sim_1'...
INFO: [USF-XSim-2] XSim::Compile design
INFO: [USF-XSim-61] Executing 'COMPILE and ANALYZE' step in 'C:/Users/ingenieur_elec_fpga/Desktop/projet_4/project_1/project_1.sim/sim_1/behav/xsim'
"xvlog --incr --relax -prj tb_vlog.prj"
"xvhdl --incr --relax -prj tb_vhdl.prj"
INFO: [VRFC 10-163] Analyzing VHDL file "C:/Users/ingenieur_elec_fpga/Desktop/projet_4/top.vhd" into library xil_defaultlib
INFO: [VRFC 10-3107] analyzing entity 'top'
INFO: [USF-XSim-69] 'compile' step finished in '4' seconds
INFO: [USF-XSim-3] XSim::Elaborate design
INFO: [USF-XSim-61] Executing 'ELABORATE' step in 'C:/Users/ingenieur_elec_fpga/Desktop/projet_4/project_1/project_1.sim/sim_1/behav/xsim'
"xelab -wto e316016b35bd429cb9275e7e5d953028 --incr --debug typical --relax --mt 2 -L xil_defaultlib -L unisims_ver -L unimacro_ver -L secureip -L xpm --snapshot tb_behav xil_defaultlib.tb xil_defaultlib.glbl -log elaborate.log"
Vivado Simulator 2020.2
Copyright 1986-1999, 2001-2020 Xilinx, Inc. All Rights Reserved.
Running: D:/fpga/Vivado/2020.2/bin/unwrapped/win64.o/xelab.exe -wto e316016b35bd429cb9275e7e5d953028 --incr --debug typical --relax --mt 2 -L xil_defaultlib -L unisims_ver -L unimacro_ver -L secureip -L xpm --snapshot tb_behav xil_defaultlib.tb xil_defaultlib.glbl -log elaborate.log 
Using 2 slave threads.
Starting static elaboration
Pass Through NonSizing Optimizer
ERROR: [VRFC 10-3311] expression has 4 elements ; formal 'data_red_o' expects 8 [C:/Users/ingenieur_elec_fpga/Desktop/projet_4/top.vhd:105]
ERROR: [VRFC 10-3311] expression has 4 elements ; formal 'data_blue_o' expects 8 [C:/Users/ingenieur_elec_fpga/Desktop/projet_4/top.vhd:106]
ERROR: [VRFC 10-3311] expression has 4 elements ; formal 'data_green_o' expects 8 [C:/Users/ingenieur_elec_fpga/Desktop/projet_4/top.vhd:107]
ERROR: [XSIM 43-3322] Static elaboration of top level Verilog design unit(s) in library work failed.
INFO: [USF-XSim-69] 'elaborate' step finished in '3' seconds
INFO: [USF-XSim-99] Step results log file:'C:/Users/ingenieur_elec_fpga/Desktop/projet_4/project_1/project_1.sim/sim_1/behav/xsim/elaborate.log'
ERROR: [USF-XSim-62] 'elaborate' step failed with error(s). Please check the Tcl console output or 'C:/Users/ingenieur_elec_fpga/Desktop/projet_4/project_1/project_1.sim/sim_1/behav/xsim/elaborate.log' file for more information.
ERROR: [Vivado 12-4473] Detected error while running simulation. Please correct the issue and retry this operation.
launch_simulation: Time (s): cpu = 00:00:01 ; elapsed = 00:00:07 . Memory (MB): peak = 1478.734 ; gain = 0.000
ERROR: [Common 17-39] 'launch_simulation' failed due to earlier errors.
launch_simulation
Command: launch_simulation 
INFO: [Vivado 12-5698] Checking validity of IPs in the design for the 'XSim' simulator...
INFO: [Vivado 12-5682] Launching behavioral simulation in 'C:/Users/ingenieur_elec_fpga/Desktop/projet_4/project_1/project_1.sim/sim_1/behav/xsim'
INFO: [Vivado 12-4795] Using compiled simulation libraries for IPs
INFO: [SIM-utils-51] Simulation object is 'sim_1'
INFO: [USF-XSim-7] Finding pre-compiled libraries...
INFO: [USF-XSim-11] File 'D:/fpga/Vivado/2020.2/data/xsim/xsim.ini' copied to run dir:'C:/Users/ingenieur_elec_fpga/Desktop/projet_4/project_1/project_1.sim/sim_1/behav/xsim'
INFO: [SIM-utils-54] Inspecting design source files for 'tb' in fileset 'sim_1'...
INFO: [USF-XSim-97] Finding global include files...
INFO: [USF-XSim-98] Fetching design files from 'sim_1'...
INFO: [USF-XSim-2] XSim::Compile design
INFO: [USF-XSim-61] Executing 'COMPILE and ANALYZE' step in 'C:/Users/ingenieur_elec_fpga/Desktop/projet_4/project_1/project_1.sim/sim_1/behav/xsim'
"xvlog --incr --relax -prj tb_vlog.prj"
"xvhdl --incr --relax -prj tb_vhdl.prj"
INFO: [VRFC 10-163] Analyzing VHDL file "C:/Users/ingenieur_elec_fpga/Desktop/projet_4/top.vhd" into library xil_defaultlib
INFO: [VRFC 10-3107] analyzing entity 'top'
INFO: [USF-XSim-69] 'compile' step finished in '4' seconds
INFO: [USF-XSim-3] XSim::Elaborate design
INFO: [USF-XSim-61] Executing 'ELABORATE' step in 'C:/Users/ingenieur_elec_fpga/Desktop/projet_4/project_1/project_1.sim/sim_1/behav/xsim'
"xelab -wto e316016b35bd429cb9275e7e5d953028 --incr --debug typical --relax --mt 2 -L xil_defaultlib -L unisims_ver -L unimacro_ver -L secureip -L xpm --snapshot tb_behav xil_defaultlib.tb xil_defaultlib.glbl -log elaborate.log"
Vivado Simulator 2020.2
Copyright 1986-1999, 2001-2020 Xilinx, Inc. All Rights Reserved.
Running: D:/fpga/Vivado/2020.2/bin/unwrapped/win64.o/xelab.exe -wto e316016b35bd429cb9275e7e5d953028 --incr --debug typical --relax --mt 2 -L xil_defaultlib -L unisims_ver -L unimacro_ver -L secureip -L xpm --snapshot tb_behav xil_defaultlib.tb xil_defaultlib.glbl -log elaborate.log 
Using 2 slave threads.
Starting static elaboration
Pass Through NonSizing Optimizer
Completed static elaboration
Starting simulation data flow analysis
Completed simulation data flow analysis
Time Resolution for simulation is 1ps
Compiling package std.standard
Compiling package std.textio
Compiling package ieee.std_logic_1164
Compiling package ieee.std_logic_arith
Compiling package ieee.std_logic_unsigned
Compiling package ieee.numeric_std
Compiling package vl.vl_types
Compiling module xil_defaultlib.glbl
Compiling module unisims_ver.IBUF
Compiling module unisims_ver.MMCME2_ADV(CLKFBOUT_MULT_F=36.5,...
Compiling module unisims_ver.BUFG
Compiling module xil_defaultlib.clk_wiz_0_clk_wiz
Compiling module xil_defaultlib.clk_wiz_0
Compiling architecture behavioral of entity xil_defaultlib.generateur_pattern [generateur_pattern_default]
Compiling architecture arch_shift_register of entity xil_defaultlib.shift_register [shift_register_default]
Compiling architecture arch_shift_register of entity xil_defaultlib.pixel_buffer [pixel_buffer_default]
Compiling architecture arch_buffer_module of entity xil_defaultlib.buffer_module [buffer_module_default]
Compiling architecture arch_filter_sel of entity xil_defaultlib.filter_selector [filter_selector_default]
Compiling architecture arch_counter of entity xil_defaultlib.sel_counter [sel_counter_default]
Compiling architecture arch_conv_module of entity xil_defaultlib.convolutionModule [convolutionmodule_default]
Compiling architecture arch_counter_enable of entity xil_defaultlib.counter [counter_default]
Compiling architecture arch_counter_write of entity xil_defaultlib.counter_write [counter_write_default]
Compiling architecture arch_enable_write of entity xil_defaultlib.enable_write [enable_write_default]
Compiling architecture arch_system_conv of entity xil_defaultlib.system_conv [system_conv_default]
Compiling architecture behavioral of entity xil_defaultlib.controleur_vga [controleur_vga_default]
Compiling architecture behavioral of entity xil_defaultlib.top [top_default]
Compiling architecture behavioral of entity xil_defaultlib.tb
Built simulation snapshot tb_behav
run_program: Time (s): cpu = 00:00:00 ; elapsed = 00:00:13 . Memory (MB): peak = 1478.734 ; gain = 0.000
INFO: [USF-XSim-69] 'elaborate' step finished in '13' seconds
INFO: [USF-XSim-4] XSim::Simulate design
INFO: [USF-XSim-61] Executing 'SIMULATE' step in 'C:/Users/ingenieur_elec_fpga/Desktop/projet_4/project_1/project_1.sim/sim_1/behav/xsim'
INFO: [USF-XSim-98] *** Running xsim
   with args "tb_behav -key {Behavioral:sim_1:Functional:tb} -tclbatch {tb.tcl} -view {C:/Users/ingenieur_elec_fpga/Desktop/projet_4/project_1/tb_behav.wcfg} -log {simulate.log}"
INFO: [USF-XSim-8] Loading simulator feature
Vivado Simulator 2020.2
Time resolution is 1 ps
open_wave_config C:/Users/ingenieur_elec_fpga/Desktop/projet_4/project_1/tb_behav.wcfg
source tb.tcl
# set curr_wave [current_wave_config]
# if { [string length $curr_wave] == 0 } {
#   if { [llength [get_objects]] > 0} {
#     add_wave /
#     set_property needs_save false [current_wave_config]
#   } else {
#      send_msg_id Add_Wave-1 WARNING "No top level signals found. Simulator will start without a wave window. If you want to open a wave window go to 'File->New Waveform Configuration' or type 'create_wave_config' in the TCL console."
#   }
# }
# run 1000ns
xsim: Time (s): cpu = 00:00:08 ; elapsed = 00:00:35 . Memory (MB): peak = 1478.734 ; gain = 0.000
INFO: [USF-XSim-96] XSim completed. Design snapshot 'tb_behav' loaded.
INFO: [USF-XSim-97] XSim simulation ran for 1000ns
launch_simulation: Time (s): cpu = 00:00:09 ; elapsed = 00:00:53 . Memory (MB): peak = 1478.734 ; gain = 0.000
run 300us
close_sim
INFO: [Simtcl 6-16] Simulation closed
launch_simulation
Command: launch_simulation 
INFO: [Vivado 12-5698] Checking validity of IPs in the design for the 'XSim' simulator...
INFO: [Vivado 12-5682] Launching behavioral simulation in 'C:/Users/ingenieur_elec_fpga/Desktop/projet_4/project_1/project_1.sim/sim_1/behav/xsim'
INFO: [Vivado 12-4795] Using compiled simulation libraries for IPs
INFO: [SIM-utils-51] Simulation object is 'sim_1'
INFO: [USF-XSim-7] Finding pre-compiled libraries...
INFO: [USF-XSim-11] File 'D:/fpga/Vivado/2020.2/data/xsim/xsim.ini' copied to run dir:'C:/Users/ingenieur_elec_fpga/Desktop/projet_4/project_1/project_1.sim/sim_1/behav/xsim'
INFO: [SIM-utils-54] Inspecting design source files for 'tb' in fileset 'sim_1'...
INFO: [USF-XSim-97] Finding global include files...
INFO: [USF-XSim-98] Fetching design files from 'sim_1'...
INFO: [USF-XSim-2] XSim::Compile design
INFO: [USF-XSim-61] Executing 'COMPILE and ANALYZE' step in 'C:/Users/ingenieur_elec_fpga/Desktop/projet_4/project_1/project_1.sim/sim_1/behav/xsim'
"xvlog --incr --relax -prj tb_vlog.prj"
"xvhdl --incr --relax -prj tb_vhdl.prj"
INFO: [VRFC 10-163] Analyzing VHDL file "C:/Users/ingenieur_elec_fpga/Desktop/projet_4/generateur_pattern.vhd" into library xil_defaultlib
INFO: [VRFC 10-3107] analyzing entity 'generateur_pattern'
INFO: [USF-XSim-69] 'compile' step finished in '5' seconds
INFO: [USF-XSim-3] XSim::Elaborate design
INFO: [USF-XSim-61] Executing 'ELABORATE' step in 'C:/Users/ingenieur_elec_fpga/Desktop/projet_4/project_1/project_1.sim/sim_1/behav/xsim'
"xelab -wto e316016b35bd429cb9275e7e5d953028 --incr --debug typical --relax --mt 2 -L xil_defaultlib -L unisims_ver -L unimacro_ver -L secureip -L xpm --snapshot tb_behav xil_defaultlib.tb xil_defaultlib.glbl -log elaborate.log"
Vivado Simulator 2020.2
Copyright 1986-1999, 2001-2020 Xilinx, Inc. All Rights Reserved.
Running: D:/fpga/Vivado/2020.2/bin/unwrapped/win64.o/xelab.exe -wto e316016b35bd429cb9275e7e5d953028 --incr --debug typical --relax --mt 2 -L xil_defaultlib -L unisims_ver -L unimacro_ver -L secureip -L xpm --snapshot tb_behav xil_defaultlib.tb xil_defaultlib.glbl -log elaborate.log 
Using 2 slave threads.
Starting static elaboration
Pass Through NonSizing Optimizer
Completed static elaboration
Starting simulation data flow analysis
Completed simulation data flow analysis
Time Resolution for simulation is 1ps
Compiling package std.standard
Compiling package std.textio
Compiling package ieee.std_logic_1164
Compiling package ieee.std_logic_arith
Compiling package ieee.std_logic_unsigned
Compiling package ieee.numeric_std
Compiling package vl.vl_types
Compiling module xil_defaultlib.glbl
Compiling module unisims_ver.IBUF
Compiling module unisims_ver.MMCME2_ADV(CLKFBOUT_MULT_F=36.5,...
Compiling module unisims_ver.BUFG
Compiling module xil_defaultlib.clk_wiz_0_clk_wiz
Compiling module xil_defaultlib.clk_wiz_0
Compiling architecture behavioral of entity xil_defaultlib.generateur_pattern [generateur_pattern_default]
Compiling architecture arch_shift_register of entity xil_defaultlib.shift_register [shift_register_default]
Compiling architecture arch_shift_register of entity xil_defaultlib.pixel_buffer [pixel_buffer_default]
Compiling architecture arch_buffer_module of entity xil_defaultlib.buffer_module [buffer_module_default]
Compiling architecture arch_filter_sel of entity xil_defaultlib.filter_selector [filter_selector_default]
Compiling architecture arch_counter of entity xil_defaultlib.sel_counter [sel_counter_default]
Compiling architecture arch_conv_module of entity xil_defaultlib.convolutionModule [convolutionmodule_default]
Compiling architecture arch_counter_enable of entity xil_defaultlib.counter [counter_default]
Compiling architecture arch_counter_write of entity xil_defaultlib.counter_write [counter_write_default]
Compiling architecture arch_enable_write of entity xil_defaultlib.enable_write [enable_write_default]
Compiling architecture arch_system_conv of entity xil_defaultlib.system_conv [system_conv_default]
Compiling architecture behavioral of entity xil_defaultlib.controleur_vga [controleur_vga_default]
Compiling architecture behavioral of entity xil_defaultlib.top [top_default]
Compiling architecture behavioral of entity xil_defaultlib.tb
Built simulation snapshot tb_behav
run_program: Time (s): cpu = 00:00:01 ; elapsed = 00:00:06 . Memory (MB): peak = 1478.734 ; gain = 0.000
INFO: [USF-XSim-69] 'elaborate' step finished in '6' seconds
INFO: [USF-XSim-4] XSim::Simulate design
INFO: [USF-XSim-61] Executing 'SIMULATE' step in 'C:/Users/ingenieur_elec_fpga/Desktop/projet_4/project_1/project_1.sim/sim_1/behav/xsim'
INFO: [USF-XSim-98] *** Running xsim
   with args "tb_behav -key {Behavioral:sim_1:Functional:tb} -tclbatch {tb.tcl} -view {C:/Users/ingenieur_elec_fpga/Desktop/projet_4/project_1/tb_behav.wcfg} -log {simulate.log}"
INFO: [USF-XSim-8] Loading simulator feature
Vivado Simulator 2020.2
Time resolution is 1 ps
open_wave_config C:/Users/ingenieur_elec_fpga/Desktop/projet_4/project_1/tb_behav.wcfg
source tb.tcl
# set curr_wave [current_wave_config]
# if { [string length $curr_wave] == 0 } {
#   if { [llength [get_objects]] > 0} {
#     add_wave /
#     set_property needs_save false [current_wave_config]
#   } else {
#      send_msg_id Add_Wave-1 WARNING "No top level signals found. Simulator will start without a wave window. If you want to open a wave window go to 'File->New Waveform Configuration' or type 'create_wave_config' in the TCL console."
#   }
# }
# run 1000ns
xsim: Time (s): cpu = 00:00:07 ; elapsed = 00:00:34 . Memory (MB): peak = 1478.734 ; gain = 0.000
INFO: [USF-XSim-96] XSim completed. Design snapshot 'tb_behav' loaded.
INFO: [USF-XSim-97] XSim simulation ran for 1000ns
launch_simulation: Time (s): cpu = 00:00:09 ; elapsed = 00:00:45 . Memory (MB): peak = 1478.734 ; gain = 0.000
run 300us
close_sim
INFO: [Simtcl 6-16] Simulation closed
launch_simulation
Command: launch_simulation 
INFO: [Vivado 12-5698] Checking validity of IPs in the design for the 'XSim' simulator...
INFO: [Vivado 12-5682] Launching behavioral simulation in 'C:/Users/ingenieur_elec_fpga/Desktop/projet_4/project_1/project_1.sim/sim_1/behav/xsim'
INFO: [Vivado 12-4795] Using compiled simulation libraries for IPs
INFO: [SIM-utils-51] Simulation object is 'sim_1'
INFO: [USF-XSim-7] Finding pre-compiled libraries...
INFO: [USF-XSim-11] File 'D:/fpga/Vivado/2020.2/data/xsim/xsim.ini' copied to run dir:'C:/Users/ingenieur_elec_fpga/Desktop/projet_4/project_1/project_1.sim/sim_1/behav/xsim'
INFO: [SIM-utils-54] Inspecting design source files for 'tb' in fileset 'sim_1'...
INFO: [USF-XSim-97] Finding global include files...
INFO: [USF-XSim-98] Fetching design files from 'sim_1'...
INFO: [USF-XSim-2] XSim::Compile design
INFO: [USF-XSim-61] Executing 'COMPILE and ANALYZE' step in 'C:/Users/ingenieur_elec_fpga/Desktop/projet_4/project_1/project_1.sim/sim_1/behav/xsim'
"xvlog --incr --relax -prj tb_vlog.prj"
"xvhdl --incr --relax -prj tb_vhdl.prj"
INFO: [VRFC 10-163] Analyzing VHDL file "C:/Users/ingenieur_elec_fpga/Desktop/projet_4/generateur_pattern.vhd" into library xil_defaultlib
INFO: [VRFC 10-3107] analyzing entity 'generateur_pattern'
INFO: [USF-XSim-69] 'compile' step finished in '4' seconds
INFO: [USF-XSim-3] XSim::Elaborate design
INFO: [USF-XSim-61] Executing 'ELABORATE' step in 'C:/Users/ingenieur_elec_fpga/Desktop/projet_4/project_1/project_1.sim/sim_1/behav/xsim'
"xelab -wto e316016b35bd429cb9275e7e5d953028 --incr --debug typical --relax --mt 2 -L xil_defaultlib -L unisims_ver -L unimacro_ver -L secureip -L xpm --snapshot tb_behav xil_defaultlib.tb xil_defaultlib.glbl -log elaborate.log"
Vivado Simulator 2020.2
Copyright 1986-1999, 2001-2020 Xilinx, Inc. All Rights Reserved.
Running: D:/fpga/Vivado/2020.2/bin/unwrapped/win64.o/xelab.exe -wto e316016b35bd429cb9275e7e5d953028 --incr --debug typical --relax --mt 2 -L xil_defaultlib -L unisims_ver -L unimacro_ver -L secureip -L xpm --snapshot tb_behav xil_defaultlib.tb xil_defaultlib.glbl -log elaborate.log 
Using 2 slave threads.
Starting static elaboration
Pass Through NonSizing Optimizer
Completed static elaboration
Starting simulation data flow analysis
Completed simulation data flow analysis
Time Resolution for simulation is 1ps
Compiling package std.standard
Compiling package std.textio
Compiling package ieee.std_logic_1164
Compiling package ieee.std_logic_arith
Compiling package ieee.std_logic_unsigned
Compiling package ieee.numeric_std
Compiling package vl.vl_types
Compiling module xil_defaultlib.glbl
Compiling module unisims_ver.IBUF
Compiling module unisims_ver.MMCME2_ADV(CLKFBOUT_MULT_F=36.5,...
Compiling module unisims_ver.BUFG
Compiling module xil_defaultlib.clk_wiz_0_clk_wiz
Compiling module xil_defaultlib.clk_wiz_0
Compiling architecture behavioral of entity xil_defaultlib.generateur_pattern [generateur_pattern_default]
Compiling architecture arch_shift_register of entity xil_defaultlib.shift_register [shift_register_default]
Compiling architecture arch_shift_register of entity xil_defaultlib.pixel_buffer [pixel_buffer_default]
Compiling architecture arch_buffer_module of entity xil_defaultlib.buffer_module [buffer_module_default]
Compiling architecture arch_filter_sel of entity xil_defaultlib.filter_selector [filter_selector_default]
Compiling architecture arch_counter of entity xil_defaultlib.sel_counter [sel_counter_default]
Compiling architecture arch_conv_module of entity xil_defaultlib.convolutionModule [convolutionmodule_default]
Compiling architecture arch_counter_enable of entity xil_defaultlib.counter [counter_default]
Compiling architecture arch_counter_write of entity xil_defaultlib.counter_write [counter_write_default]
Compiling architecture arch_enable_write of entity xil_defaultlib.enable_write [enable_write_default]
Compiling architecture arch_system_conv of entity xil_defaultlib.system_conv [system_conv_default]
Compiling architecture behavioral of entity xil_defaultlib.controleur_vga [controleur_vga_default]
Compiling architecture behavioral of entity xil_defaultlib.top [top_default]
Compiling architecture behavioral of entity xil_defaultlib.tb
Built simulation snapshot tb_behav
run_program: Time (s): cpu = 00:00:00 ; elapsed = 00:00:06 . Memory (MB): peak = 1478.734 ; gain = 0.000
INFO: [USF-XSim-69] 'elaborate' step finished in '5' seconds
INFO: [USF-XSim-4] XSim::Simulate design
INFO: [USF-XSim-61] Executing 'SIMULATE' step in 'C:/Users/ingenieur_elec_fpga/Desktop/projet_4/project_1/project_1.sim/sim_1/behav/xsim'
INFO: [USF-XSim-98] *** Running xsim
   with args "tb_behav -key {Behavioral:sim_1:Functional:tb} -tclbatch {tb.tcl} -view {C:/Users/ingenieur_elec_fpga/Desktop/projet_4/project_1/tb_behav.wcfg} -log {simulate.log}"
INFO: [USF-XSim-8] Loading simulator feature
Vivado Simulator 2020.2
Time resolution is 1 ps
open_wave_config C:/Users/ingenieur_elec_fpga/Desktop/projet_4/project_1/tb_behav.wcfg
source tb.tcl
# set curr_wave [current_wave_config]
# if { [string length $curr_wave] == 0 } {
#   if { [llength [get_objects]] > 0} {
#     add_wave /
#     set_property needs_save false [current_wave_config]
#   } else {
#      send_msg_id Add_Wave-1 WARNING "No top level signals found. Simulator will start without a wave window. If you want to open a wave window go to 'File->New Waveform Configuration' or type 'create_wave_config' in the TCL console."
#   }
# }
# run 1000ns
xsim: Time (s): cpu = 00:00:04 ; elapsed = 00:00:33 . Memory (MB): peak = 1478.734 ; gain = 0.000
INFO: [USF-XSim-96] XSim completed. Design snapshot 'tb_behav' loaded.
INFO: [USF-XSim-97] XSim simulation ran for 1000ns
launch_simulation: Time (s): cpu = 00:00:07 ; elapsed = 00:00:44 . Memory (MB): peak = 1478.734 ; gain = 0.000
run 300us
close_sim
INFO: [Simtcl 6-16] Simulation closed
launch_simulation
Command: launch_simulation 
INFO: [Vivado 12-5698] Checking validity of IPs in the design for the 'XSim' simulator...
INFO: [Vivado 12-5682] Launching behavioral simulation in 'C:/Users/ingenieur_elec_fpga/Desktop/projet_4/project_1/project_1.sim/sim_1/behav/xsim'
INFO: [Vivado 12-4795] Using compiled simulation libraries for IPs
INFO: [SIM-utils-51] Simulation object is 'sim_1'
INFO: [USF-XSim-7] Finding pre-compiled libraries...
INFO: [USF-XSim-11] File 'D:/fpga/Vivado/2020.2/data/xsim/xsim.ini' copied to run dir:'C:/Users/ingenieur_elec_fpga/Desktop/projet_4/project_1/project_1.sim/sim_1/behav/xsim'
INFO: [SIM-utils-54] Inspecting design source files for 'tb' in fileset 'sim_1'...
INFO: [USF-XSim-97] Finding global include files...
INFO: [USF-XSim-98] Fetching design files from 'sim_1'...
INFO: [USF-XSim-2] XSim::Compile design
INFO: [USF-XSim-61] Executing 'COMPILE and ANALYZE' step in 'C:/Users/ingenieur_elec_fpga/Desktop/projet_4/project_1/project_1.sim/sim_1/behav/xsim'
"xvlog --incr --relax -prj tb_vlog.prj"
"xvhdl --incr --relax -prj tb_vhdl.prj"
INFO: [VRFC 10-163] Analyzing VHDL file "C:/Users/ingenieur_elec_fpga/Desktop/projet_4/generateur_pattern.vhd" into library xil_defaultlib
INFO: [VRFC 10-3107] analyzing entity 'generateur_pattern'
INFO: [USF-XSim-69] 'compile' step finished in '4' seconds
INFO: [USF-XSim-3] XSim::Elaborate design
INFO: [USF-XSim-61] Executing 'ELABORATE' step in 'C:/Users/ingenieur_elec_fpga/Desktop/projet_4/project_1/project_1.sim/sim_1/behav/xsim'
"xelab -wto e316016b35bd429cb9275e7e5d953028 --incr --debug typical --relax --mt 2 -L xil_defaultlib -L unisims_ver -L unimacro_ver -L secureip -L xpm --snapshot tb_behav xil_defaultlib.tb xil_defaultlib.glbl -log elaborate.log"
Vivado Simulator 2020.2
Copyright 1986-1999, 2001-2020 Xilinx, Inc. All Rights Reserved.
Running: D:/fpga/Vivado/2020.2/bin/unwrapped/win64.o/xelab.exe -wto e316016b35bd429cb9275e7e5d953028 --incr --debug typical --relax --mt 2 -L xil_defaultlib -L unisims_ver -L unimacro_ver -L secureip -L xpm --snapshot tb_behav xil_defaultlib.tb xil_defaultlib.glbl -log elaborate.log 
Using 2 slave threads.
Starting static elaboration
Pass Through NonSizing Optimizer
Completed static elaboration
Starting simulation data flow analysis
Completed simulation data flow analysis
Time Resolution for simulation is 1ps
Compiling package std.standard
Compiling package std.textio
Compiling package ieee.std_logic_1164
Compiling package ieee.std_logic_arith
Compiling package ieee.std_logic_unsigned
Compiling package ieee.numeric_std
Compiling package vl.vl_types
Compiling module xil_defaultlib.glbl
Compiling module unisims_ver.IBUF
Compiling module unisims_ver.MMCME2_ADV(CLKFBOUT_MULT_F=36.5,...
Compiling module unisims_ver.BUFG
Compiling module xil_defaultlib.clk_wiz_0_clk_wiz
Compiling module xil_defaultlib.clk_wiz_0
Compiling architecture behavioral of entity xil_defaultlib.generateur_pattern [generateur_pattern_default]
Compiling architecture arch_shift_register of entity xil_defaultlib.shift_register [shift_register_default]
Compiling architecture arch_shift_register of entity xil_defaultlib.pixel_buffer [pixel_buffer_default]
Compiling architecture arch_buffer_module of entity xil_defaultlib.buffer_module [buffer_module_default]
Compiling architecture arch_filter_sel of entity xil_defaultlib.filter_selector [filter_selector_default]
Compiling architecture arch_counter of entity xil_defaultlib.sel_counter [sel_counter_default]
Compiling architecture arch_conv_module of entity xil_defaultlib.convolutionModule [convolutionmodule_default]
Compiling architecture arch_counter_enable of entity xil_defaultlib.counter [counter_default]
Compiling architecture arch_counter_write of entity xil_defaultlib.counter_write [counter_write_default]
Compiling architecture arch_enable_write of entity xil_defaultlib.enable_write [enable_write_default]
Compiling architecture arch_system_conv of entity xil_defaultlib.system_conv [system_conv_default]
Compiling architecture behavioral of entity xil_defaultlib.controleur_vga [controleur_vga_default]
Compiling architecture behavioral of entity xil_defaultlib.top [top_default]
Compiling architecture behavioral of entity xil_defaultlib.tb
Built simulation snapshot tb_behav
run_program: Time (s): cpu = 00:00:00 ; elapsed = 00:00:05 . Memory (MB): peak = 1478.734 ; gain = 0.000
INFO: [USF-XSim-69] 'elaborate' step finished in '6' seconds
INFO: [USF-XSim-4] XSim::Simulate design
INFO: [USF-XSim-61] Executing 'SIMULATE' step in 'C:/Users/ingenieur_elec_fpga/Desktop/projet_4/project_1/project_1.sim/sim_1/behav/xsim'
INFO: [USF-XSim-98] *** Running xsim
   with args "tb_behav -key {Behavioral:sim_1:Functional:tb} -tclbatch {tb.tcl} -view {C:/Users/ingenieur_elec_fpga/Desktop/projet_4/project_1/tb_behav.wcfg} -log {simulate.log}"
INFO: [USF-XSim-8] Loading simulator feature
Vivado Simulator 2020.2
Time resolution is 1 ps
open_wave_config C:/Users/ingenieur_elec_fpga/Desktop/projet_4/project_1/tb_behav.wcfg
source tb.tcl
# set curr_wave [current_wave_config]
# if { [string length $curr_wave] == 0 } {
#   if { [llength [get_objects]] > 0} {
#     add_wave /
#     set_property needs_save false [current_wave_config]
#   } else {
#      send_msg_id Add_Wave-1 WARNING "No top level signals found. Simulator will start without a wave window. If you want to open a wave window go to 'File->New Waveform Configuration' or type 'create_wave_config' in the TCL console."
#   }
# }
# run 1000ns
xsim: Time (s): cpu = 00:00:06 ; elapsed = 00:00:34 . Memory (MB): peak = 1478.734 ; gain = 0.000
INFO: [USF-XSim-96] XSim completed. Design snapshot 'tb_behav' loaded.
INFO: [USF-XSim-97] XSim simulation ran for 1000ns
launch_simulation: Time (s): cpu = 00:00:08 ; elapsed = 00:00:45 . Memory (MB): peak = 1478.734 ; gain = 0.000
run 300us
close_sim
INFO: [Simtcl 6-16] Simulation closed
launch_simulation
Command: launch_simulation 
INFO: [Vivado 12-5698] Checking validity of IPs in the design for the 'XSim' simulator...
INFO: [Vivado 12-5682] Launching behavioral simulation in 'C:/Users/ingenieur_elec_fpga/Desktop/projet_4/project_1/project_1.sim/sim_1/behav/xsim'
INFO: [Vivado 12-4795] Using compiled simulation libraries for IPs
INFO: [SIM-utils-51] Simulation object is 'sim_1'
INFO: [USF-XSim-7] Finding pre-compiled libraries...
INFO: [USF-XSim-11] File 'D:/fpga/Vivado/2020.2/data/xsim/xsim.ini' copied to run dir:'C:/Users/ingenieur_elec_fpga/Desktop/projet_4/project_1/project_1.sim/sim_1/behav/xsim'
INFO: [SIM-utils-54] Inspecting design source files for 'tb' in fileset 'sim_1'...
INFO: [USF-XSim-97] Finding global include files...
INFO: [USF-XSim-98] Fetching design files from 'sim_1'...
INFO: [USF-XSim-2] XSim::Compile design
INFO: [USF-XSim-61] Executing 'COMPILE and ANALYZE' step in 'C:/Users/ingenieur_elec_fpga/Desktop/projet_4/project_1/project_1.sim/sim_1/behav/xsim'
"xvlog --incr --relax -prj tb_vlog.prj"
"xvhdl --incr --relax -prj tb_vhdl.prj"
INFO: [VRFC 10-163] Analyzing VHDL file "C:/Users/ingenieur_elec_fpga/Desktop/projet_4/generateur_pattern.vhd" into library xil_defaultlib
INFO: [VRFC 10-3107] analyzing entity 'generateur_pattern'
INFO: [USF-XSim-69] 'compile' step finished in '4' seconds
INFO: [USF-XSim-3] XSim::Elaborate design
INFO: [USF-XSim-61] Executing 'ELABORATE' step in 'C:/Users/ingenieur_elec_fpga/Desktop/projet_4/project_1/project_1.sim/sim_1/behav/xsim'
"xelab -wto e316016b35bd429cb9275e7e5d953028 --incr --debug typical --relax --mt 2 -L xil_defaultlib -L unisims_ver -L unimacro_ver -L secureip -L xpm --snapshot tb_behav xil_defaultlib.tb xil_defaultlib.glbl -log elaborate.log"
Vivado Simulator 2020.2
Copyright 1986-1999, 2001-2020 Xilinx, Inc. All Rights Reserved.
Running: D:/fpga/Vivado/2020.2/bin/unwrapped/win64.o/xelab.exe -wto e316016b35bd429cb9275e7e5d953028 --incr --debug typical --relax --mt 2 -L xil_defaultlib -L unisims_ver -L unimacro_ver -L secureip -L xpm --snapshot tb_behav xil_defaultlib.tb xil_defaultlib.glbl -log elaborate.log 
Using 2 slave threads.
Starting static elaboration
Pass Through NonSizing Optimizer
Completed static elaboration
Starting simulation data flow analysis
Completed simulation data flow analysis
Time Resolution for simulation is 1ps
Compiling package std.standard
Compiling package std.textio
Compiling package ieee.std_logic_1164
Compiling package ieee.std_logic_arith
Compiling package ieee.std_logic_unsigned
Compiling package ieee.numeric_std
Compiling package vl.vl_types
Compiling module xil_defaultlib.glbl
Compiling module unisims_ver.IBUF
Compiling module unisims_ver.MMCME2_ADV(CLKFBOUT_MULT_F=36.5,...
Compiling module unisims_ver.BUFG
Compiling module xil_defaultlib.clk_wiz_0_clk_wiz
Compiling module xil_defaultlib.clk_wiz_0
Compiling architecture behavioral of entity xil_defaultlib.generateur_pattern [generateur_pattern_default]
Compiling architecture arch_shift_register of entity xil_defaultlib.shift_register [shift_register_default]
Compiling architecture arch_shift_register of entity xil_defaultlib.pixel_buffer [pixel_buffer_default]
Compiling architecture arch_buffer_module of entity xil_defaultlib.buffer_module [buffer_module_default]
Compiling architecture arch_filter_sel of entity xil_defaultlib.filter_selector [filter_selector_default]
Compiling architecture arch_counter of entity xil_defaultlib.sel_counter [sel_counter_default]
Compiling architecture arch_conv_module of entity xil_defaultlib.convolutionModule [convolutionmodule_default]
Compiling architecture arch_counter_enable of entity xil_defaultlib.counter [counter_default]
Compiling architecture arch_counter_write of entity xil_defaultlib.counter_write [counter_write_default]
Compiling architecture arch_enable_write of entity xil_defaultlib.enable_write [enable_write_default]
Compiling architecture arch_system_conv of entity xil_defaultlib.system_conv [system_conv_default]
Compiling architecture behavioral of entity xil_defaultlib.controleur_vga [controleur_vga_default]
Compiling architecture behavioral of entity xil_defaultlib.top [top_default]
Compiling architecture behavioral of entity xil_defaultlib.tb
Built simulation snapshot tb_behav
run_program: Time (s): cpu = 00:00:00 ; elapsed = 00:00:05 . Memory (MB): peak = 1478.734 ; gain = 0.000
INFO: [USF-XSim-69] 'elaborate' step finished in '5' seconds
INFO: [USF-XSim-4] XSim::Simulate design
INFO: [USF-XSim-61] Executing 'SIMULATE' step in 'C:/Users/ingenieur_elec_fpga/Desktop/projet_4/project_1/project_1.sim/sim_1/behav/xsim'
INFO: [USF-XSim-98] *** Running xsim
   with args "tb_behav -key {Behavioral:sim_1:Functional:tb} -tclbatch {tb.tcl} -view {C:/Users/ingenieur_elec_fpga/Desktop/projet_4/project_1/tb_behav.wcfg} -log {simulate.log}"
INFO: [USF-XSim-8] Loading simulator feature
Vivado Simulator 2020.2
Time resolution is 1 ps
open_wave_config C:/Users/ingenieur_elec_fpga/Desktop/projet_4/project_1/tb_behav.wcfg
source tb.tcl
# set curr_wave [current_wave_config]
# if { [string length $curr_wave] == 0 } {
#   if { [llength [get_objects]] > 0} {
#     add_wave /
#     set_property needs_save false [current_wave_config]
#   } else {
#      send_msg_id Add_Wave-1 WARNING "No top level signals found. Simulator will start without a wave window. If you want to open a wave window go to 'File->New Waveform Configuration' or type 'create_wave_config' in the TCL console."
#   }
# }
# run 1000ns
xsim: Time (s): cpu = 00:00:05 ; elapsed = 00:00:34 . Memory (MB): peak = 1478.734 ; gain = 0.000
INFO: [USF-XSim-96] XSim completed. Design snapshot 'tb_behav' loaded.
INFO: [USF-XSim-97] XSim simulation ran for 1000ns
launch_simulation: Time (s): cpu = 00:00:06 ; elapsed = 00:00:44 . Memory (MB): peak = 1478.734 ; gain = 0.000
run 200us
close_sim
INFO: [Simtcl 6-16] Simulation closed
launch_simulation
Command: launch_simulation 
INFO: [Vivado 12-5698] Checking validity of IPs in the design for the 'XSim' simulator...
INFO: [Vivado 12-5682] Launching behavioral simulation in 'C:/Users/ingenieur_elec_fpga/Desktop/projet_4/project_1/project_1.sim/sim_1/behav/xsim'
INFO: [Vivado 12-4795] Using compiled simulation libraries for IPs
INFO: [SIM-utils-51] Simulation object is 'sim_1'
INFO: [USF-XSim-7] Finding pre-compiled libraries...
INFO: [USF-XSim-11] File 'D:/fpga/Vivado/2020.2/data/xsim/xsim.ini' copied to run dir:'C:/Users/ingenieur_elec_fpga/Desktop/projet_4/project_1/project_1.sim/sim_1/behav/xsim'
INFO: [SIM-utils-54] Inspecting design source files for 'tb' in fileset 'sim_1'...
INFO: [USF-XSim-97] Finding global include files...
INFO: [USF-XSim-98] Fetching design files from 'sim_1'...
INFO: [USF-XSim-2] XSim::Compile design
INFO: [USF-XSim-61] Executing 'COMPILE and ANALYZE' step in 'C:/Users/ingenieur_elec_fpga/Desktop/projet_4/project_1/project_1.sim/sim_1/behav/xsim'
"xvlog --incr --relax -prj tb_vlog.prj"
"xvhdl --incr --relax -prj tb_vhdl.prj"
INFO: [VRFC 10-163] Analyzing VHDL file "C:/Users/ingenieur_elec_fpga/Desktop/projet_4/generateur_pattern.vhd" into library xil_defaultlib
INFO: [VRFC 10-3107] analyzing entity 'generateur_pattern'
INFO: [USF-XSim-69] 'compile' step finished in '4' seconds
INFO: [USF-XSim-3] XSim::Elaborate design
INFO: [USF-XSim-61] Executing 'ELABORATE' step in 'C:/Users/ingenieur_elec_fpga/Desktop/projet_4/project_1/project_1.sim/sim_1/behav/xsim'
"xelab -wto e316016b35bd429cb9275e7e5d953028 --incr --debug typical --relax --mt 2 -L xil_defaultlib -L unisims_ver -L unimacro_ver -L secureip -L xpm --snapshot tb_behav xil_defaultlib.tb xil_defaultlib.glbl -log elaborate.log"
Vivado Simulator 2020.2
Copyright 1986-1999, 2001-2020 Xilinx, Inc. All Rights Reserved.
Running: D:/fpga/Vivado/2020.2/bin/unwrapped/win64.o/xelab.exe -wto e316016b35bd429cb9275e7e5d953028 --incr --debug typical --relax --mt 2 -L xil_defaultlib -L unisims_ver -L unimacro_ver -L secureip -L xpm --snapshot tb_behav xil_defaultlib.tb xil_defaultlib.glbl -log elaborate.log 
Using 2 slave threads.
Starting static elaboration
Pass Through NonSizing Optimizer
Completed static elaboration
Starting simulation data flow analysis
Completed simulation data flow analysis
Time Resolution for simulation is 1ps
Compiling package std.standard
Compiling package std.textio
Compiling package ieee.std_logic_1164
Compiling package ieee.std_logic_arith
Compiling package ieee.std_logic_unsigned
Compiling package ieee.numeric_std
Compiling package vl.vl_types
Compiling module xil_defaultlib.glbl
Compiling module unisims_ver.IBUF
Compiling module unisims_ver.MMCME2_ADV(CLKFBOUT_MULT_F=36.5,...
Compiling module unisims_ver.BUFG
Compiling module xil_defaultlib.clk_wiz_0_clk_wiz
Compiling module xil_defaultlib.clk_wiz_0
Compiling architecture behavioral of entity xil_defaultlib.generateur_pattern [generateur_pattern_default]
Compiling architecture arch_shift_register of entity xil_defaultlib.shift_register [shift_register_default]
Compiling architecture arch_shift_register of entity xil_defaultlib.pixel_buffer [pixel_buffer_default]
Compiling architecture arch_buffer_module of entity xil_defaultlib.buffer_module [buffer_module_default]
Compiling architecture arch_filter_sel of entity xil_defaultlib.filter_selector [filter_selector_default]
Compiling architecture arch_counter of entity xil_defaultlib.sel_counter [sel_counter_default]
Compiling architecture arch_conv_module of entity xil_defaultlib.convolutionModule [convolutionmodule_default]
Compiling architecture arch_counter_enable of entity xil_defaultlib.counter [counter_default]
Compiling architecture arch_counter_write of entity xil_defaultlib.counter_write [counter_write_default]
Compiling architecture arch_enable_write of entity xil_defaultlib.enable_write [enable_write_default]
Compiling architecture arch_system_conv of entity xil_defaultlib.system_conv [system_conv_default]
Compiling architecture behavioral of entity xil_defaultlib.controleur_vga [controleur_vga_default]
Compiling architecture behavioral of entity xil_defaultlib.top [top_default]
Compiling architecture behavioral of entity xil_defaultlib.tb
Built simulation snapshot tb_behav
run_program: Time (s): cpu = 00:00:01 ; elapsed = 00:00:06 . Memory (MB): peak = 1478.734 ; gain = 0.000
INFO: [USF-XSim-69] 'elaborate' step finished in '5' seconds
INFO: [USF-XSim-4] XSim::Simulate design
INFO: [USF-XSim-61] Executing 'SIMULATE' step in 'C:/Users/ingenieur_elec_fpga/Desktop/projet_4/project_1/project_1.sim/sim_1/behav/xsim'
INFO: [USF-XSim-98] *** Running xsim
   with args "tb_behav -key {Behavioral:sim_1:Functional:tb} -tclbatch {tb.tcl} -view {C:/Users/ingenieur_elec_fpga/Desktop/projet_4/project_1/tb_behav.wcfg} -log {simulate.log}"
INFO: [USF-XSim-8] Loading simulator feature
Vivado Simulator 2020.2
Time resolution is 1 ps
open_wave_config C:/Users/ingenieur_elec_fpga/Desktop/projet_4/project_1/tb_behav.wcfg
source tb.tcl
# set curr_wave [current_wave_config]
# if { [string length $curr_wave] == 0 } {
#   if { [llength [get_objects]] > 0} {
#     add_wave /
#     set_property needs_save false [current_wave_config]
#   } else {
#      send_msg_id Add_Wave-1 WARNING "No top level signals found. Simulator will start without a wave window. If you want to open a wave window go to 'File->New Waveform Configuration' or type 'create_wave_config' in the TCL console."
#   }
# }
# run 1000ns
xsim: Time (s): cpu = 00:00:03 ; elapsed = 00:00:33 . Memory (MB): peak = 1478.734 ; gain = 0.000
INFO: [USF-XSim-96] XSim completed. Design snapshot 'tb_behav' loaded.
INFO: [USF-XSim-97] XSim simulation ran for 1000ns
launch_simulation: Time (s): cpu = 00:00:04 ; elapsed = 00:00:44 . Memory (MB): peak = 1478.734 ; gain = 0.000
run 200us
close_sim
INFO: [Simtcl 6-16] Simulation closed
launch_simulation
Command: launch_simulation 
INFO: [Vivado 12-5698] Checking validity of IPs in the design for the 'XSim' simulator...
INFO: [Vivado 12-5682] Launching behavioral simulation in 'C:/Users/ingenieur_elec_fpga/Desktop/projet_4/project_1/project_1.sim/sim_1/behav/xsim'
INFO: [Vivado 12-4795] Using compiled simulation libraries for IPs
INFO: [SIM-utils-51] Simulation object is 'sim_1'
INFO: [USF-XSim-7] Finding pre-compiled libraries...
INFO: [USF-XSim-11] File 'D:/fpga/Vivado/2020.2/data/xsim/xsim.ini' copied to run dir:'C:/Users/ingenieur_elec_fpga/Desktop/projet_4/project_1/project_1.sim/sim_1/behav/xsim'
INFO: [SIM-utils-54] Inspecting design source files for 'tb' in fileset 'sim_1'...
INFO: [USF-XSim-97] Finding global include files...
INFO: [USF-XSim-98] Fetching design files from 'sim_1'...
INFO: [USF-XSim-2] XSim::Compile design
INFO: [USF-XSim-61] Executing 'COMPILE and ANALYZE' step in 'C:/Users/ingenieur_elec_fpga/Desktop/projet_4/project_1/project_1.sim/sim_1/behav/xsim'
"xvlog --incr --relax -prj tb_vlog.prj"
"xvhdl --incr --relax -prj tb_vhdl.prj"
INFO: [VRFC 10-163] Analyzing VHDL file "C:/Users/ingenieur_elec_fpga/Desktop/projet_4/generateur_pattern.vhd" into library xil_defaultlib
INFO: [VRFC 10-3107] analyzing entity 'generateur_pattern'
INFO: [USF-XSim-69] 'compile' step finished in '4' seconds
INFO: [USF-XSim-3] XSim::Elaborate design
INFO: [USF-XSim-61] Executing 'ELABORATE' step in 'C:/Users/ingenieur_elec_fpga/Desktop/projet_4/project_1/project_1.sim/sim_1/behav/xsim'
"xelab -wto e316016b35bd429cb9275e7e5d953028 --incr --debug typical --relax --mt 2 -L xil_defaultlib -L unisims_ver -L unimacro_ver -L secureip -L xpm --snapshot tb_behav xil_defaultlib.tb xil_defaultlib.glbl -log elaborate.log"
Vivado Simulator 2020.2
Copyright 1986-1999, 2001-2020 Xilinx, Inc. All Rights Reserved.
Running: D:/fpga/Vivado/2020.2/bin/unwrapped/win64.o/xelab.exe -wto e316016b35bd429cb9275e7e5d953028 --incr --debug typical --relax --mt 2 -L xil_defaultlib -L unisims_ver -L unimacro_ver -L secureip -L xpm --snapshot tb_behav xil_defaultlib.tb xil_defaultlib.glbl -log elaborate.log 
Using 2 slave threads.
Starting static elaboration
Pass Through NonSizing Optimizer
Completed static elaboration
Starting simulation data flow analysis
Completed simulation data flow analysis
Time Resolution for simulation is 1ps
Compiling package std.standard
Compiling package std.textio
Compiling package ieee.std_logic_1164
Compiling package ieee.std_logic_arith
Compiling package ieee.std_logic_unsigned
Compiling package ieee.numeric_std
Compiling package vl.vl_types
Compiling module xil_defaultlib.glbl
Compiling module unisims_ver.IBUF
Compiling module unisims_ver.MMCME2_ADV(CLKFBOUT_MULT_F=36.5,...
Compiling module unisims_ver.BUFG
Compiling module xil_defaultlib.clk_wiz_0_clk_wiz
Compiling module xil_defaultlib.clk_wiz_0
Compiling architecture behavioral of entity xil_defaultlib.generateur_pattern [generateur_pattern_default]
Compiling architecture arch_shift_register of entity xil_defaultlib.shift_register [shift_register_default]
Compiling architecture arch_shift_register of entity xil_defaultlib.pixel_buffer [pixel_buffer_default]
Compiling architecture arch_buffer_module of entity xil_defaultlib.buffer_module [buffer_module_default]
Compiling architecture arch_filter_sel of entity xil_defaultlib.filter_selector [filter_selector_default]
Compiling architecture arch_counter of entity xil_defaultlib.sel_counter [sel_counter_default]
Compiling architecture arch_conv_module of entity xil_defaultlib.convolutionModule [convolutionmodule_default]
Compiling architecture arch_counter_enable of entity xil_defaultlib.counter [counter_default]
Compiling architecture arch_counter_write of entity xil_defaultlib.counter_write [counter_write_default]
Compiling architecture arch_enable_write of entity xil_defaultlib.enable_write [enable_write_default]
Compiling architecture arch_system_conv of entity xil_defaultlib.system_conv [system_conv_default]
Compiling architecture behavioral of entity xil_defaultlib.controleur_vga [controleur_vga_default]
Compiling architecture behavioral of entity xil_defaultlib.top [top_default]
Compiling architecture behavioral of entity xil_defaultlib.tb
Built simulation snapshot tb_behav
run_program: Time (s): cpu = 00:00:01 ; elapsed = 00:00:06 . Memory (MB): peak = 1478.734 ; gain = 0.000
INFO: [USF-XSim-69] 'elaborate' step finished in '5' seconds
INFO: [USF-XSim-4] XSim::Simulate design
INFO: [USF-XSim-61] Executing 'SIMULATE' step in 'C:/Users/ingenieur_elec_fpga/Desktop/projet_4/project_1/project_1.sim/sim_1/behav/xsim'
INFO: [USF-XSim-98] *** Running xsim
   with args "tb_behav -key {Behavioral:sim_1:Functional:tb} -tclbatch {tb.tcl} -view {C:/Users/ingenieur_elec_fpga/Desktop/projet_4/project_1/tb_behav.wcfg} -log {simulate.log}"
INFO: [USF-XSim-8] Loading simulator feature
Vivado Simulator 2020.2
Time resolution is 1 ps
open_wave_config C:/Users/ingenieur_elec_fpga/Desktop/projet_4/project_1/tb_behav.wcfg
source tb.tcl
# set curr_wave [current_wave_config]
# if { [string length $curr_wave] == 0 } {
#   if { [llength [get_objects]] > 0} {
#     add_wave /
#     set_property needs_save false [current_wave_config]
#   } else {
#      send_msg_id Add_Wave-1 WARNING "No top level signals found. Simulator will start without a wave window. If you want to open a wave window go to 'File->New Waveform Configuration' or type 'create_wave_config' in the TCL console."
#   }
# }
# run 1000ns
xsim: Time (s): cpu = 00:00:05 ; elapsed = 00:00:33 . Memory (MB): peak = 1478.734 ; gain = 0.000
INFO: [USF-XSim-96] XSim completed. Design snapshot 'tb_behav' loaded.
INFO: [USF-XSim-97] XSim simulation ran for 1000ns
launch_simulation: Time (s): cpu = 00:00:06 ; elapsed = 00:00:45 . Memory (MB): peak = 1478.734 ; gain = 0.000
run 300us
restart
INFO: [Simtcl 6-17] Simulation restarted
run 300us
save_wave_config {C:/Users/ingenieur_elec_fpga/Desktop/projet_4/project_1/tb_behav.wcfg}
close_sim
INFO: [Simtcl 6-16] Simulation closed
launch_simulation
Command: launch_simulation 
INFO: [Vivado 12-5698] Checking validity of IPs in the design for the 'XSim' simulator...
INFO: [Vivado 12-5682] Launching behavioral simulation in 'C:/Users/ingenieur_elec_fpga/Desktop/projet_4/project_1/project_1.sim/sim_1/behav/xsim'
INFO: [Vivado 12-4795] Using compiled simulation libraries for IPs
INFO: [SIM-utils-51] Simulation object is 'sim_1'
INFO: [USF-XSim-7] Finding pre-compiled libraries...
INFO: [USF-XSim-11] File 'D:/fpga/Vivado/2020.2/data/xsim/xsim.ini' copied to run dir:'C:/Users/ingenieur_elec_fpga/Desktop/projet_4/project_1/project_1.sim/sim_1/behav/xsim'
INFO: [SIM-utils-54] Inspecting design source files for 'tb' in fileset 'sim_1'...
INFO: [USF-XSim-97] Finding global include files...
INFO: [USF-XSim-98] Fetching design files from 'sim_1'...
INFO: [USF-XSim-2] XSim::Compile design
INFO: [USF-XSim-61] Executing 'COMPILE and ANALYZE' step in 'C:/Users/ingenieur_elec_fpga/Desktop/projet_4/project_1/project_1.sim/sim_1/behav/xsim'
"xvlog --incr --relax -prj tb_vlog.prj"
"xvhdl --incr --relax -prj tb_vhdl.prj"
INFO: [VRFC 10-163] Analyzing VHDL file "C:/Users/ingenieur_elec_fpga/Desktop/projet_4/generateur_pattern.vhd" into library xil_defaultlib
INFO: [VRFC 10-3107] analyzing entity 'generateur_pattern'
INFO: [USF-XSim-69] 'compile' step finished in '4' seconds
INFO: [USF-XSim-3] XSim::Elaborate design
INFO: [USF-XSim-61] Executing 'ELABORATE' step in 'C:/Users/ingenieur_elec_fpga/Desktop/projet_4/project_1/project_1.sim/sim_1/behav/xsim'
"xelab -wto e316016b35bd429cb9275e7e5d953028 --incr --debug typical --relax --mt 2 -L xil_defaultlib -L unisims_ver -L unimacro_ver -L secureip -L xpm --snapshot tb_behav xil_defaultlib.tb xil_defaultlib.glbl -log elaborate.log"
Vivado Simulator 2020.2
Copyright 1986-1999, 2001-2020 Xilinx, Inc. All Rights Reserved.
Running: D:/fpga/Vivado/2020.2/bin/unwrapped/win64.o/xelab.exe -wto e316016b35bd429cb9275e7e5d953028 --incr --debug typical --relax --mt 2 -L xil_defaultlib -L unisims_ver -L unimacro_ver -L secureip -L xpm --snapshot tb_behav xil_defaultlib.tb xil_defaultlib.glbl -log elaborate.log 
Using 2 slave threads.
Starting static elaboration
Pass Through NonSizing Optimizer
Completed static elaboration
Starting simulation data flow analysis
Completed simulation data flow analysis
Time Resolution for simulation is 1ps
Compiling package std.standard
Compiling package std.textio
Compiling package ieee.std_logic_1164
Compiling package ieee.std_logic_arith
Compiling package ieee.std_logic_unsigned
Compiling package ieee.numeric_std
Compiling package vl.vl_types
Compiling module xil_defaultlib.glbl
Compiling module unisims_ver.IBUF
Compiling module unisims_ver.MMCME2_ADV(CLKFBOUT_MULT_F=36.5,...
Compiling module unisims_ver.BUFG
Compiling module xil_defaultlib.clk_wiz_0_clk_wiz
Compiling module xil_defaultlib.clk_wiz_0
Compiling architecture behavioral of entity xil_defaultlib.generateur_pattern [generateur_pattern_default]
Compiling architecture arch_shift_register of entity xil_defaultlib.shift_register [shift_register_default]
Compiling architecture arch_shift_register of entity xil_defaultlib.pixel_buffer [pixel_buffer_default]
Compiling architecture arch_buffer_module of entity xil_defaultlib.buffer_module [buffer_module_default]
Compiling architecture arch_filter_sel of entity xil_defaultlib.filter_selector [filter_selector_default]
Compiling architecture arch_counter of entity xil_defaultlib.sel_counter [sel_counter_default]
Compiling architecture arch_conv_module of entity xil_defaultlib.convolutionModule [convolutionmodule_default]
Compiling architecture arch_counter_enable of entity xil_defaultlib.counter [counter_default]
Compiling architecture arch_counter_write of entity xil_defaultlib.counter_write [counter_write_default]
Compiling architecture arch_enable_write of entity xil_defaultlib.enable_write [enable_write_default]
Compiling architecture arch_system_conv of entity xil_defaultlib.system_conv [system_conv_default]
Compiling architecture behavioral of entity xil_defaultlib.controleur_vga [controleur_vga_default]
Compiling architecture behavioral of entity xil_defaultlib.top [top_default]
Compiling architecture behavioral of entity xil_defaultlib.tb
Built simulation snapshot tb_behav
run_program: Time (s): cpu = 00:00:00 ; elapsed = 00:00:06 . Memory (MB): peak = 1478.734 ; gain = 0.000
INFO: [USF-XSim-69] 'elaborate' step finished in '6' seconds
INFO: [USF-XSim-4] XSim::Simulate design
INFO: [USF-XSim-61] Executing 'SIMULATE' step in 'C:/Users/ingenieur_elec_fpga/Desktop/projet_4/project_1/project_1.sim/sim_1/behav/xsim'
INFO: [USF-XSim-98] *** Running xsim
   with args "tb_behav -key {Behavioral:sim_1:Functional:tb} -tclbatch {tb.tcl} -view {C:/Users/ingenieur_elec_fpga/Desktop/projet_4/project_1/tb_behav.wcfg} -log {simulate.log}"
INFO: [USF-XSim-8] Loading simulator feature
Vivado Simulator 2020.2
Time resolution is 1 ps
open_wave_config C:/Users/ingenieur_elec_fpga/Desktop/projet_4/project_1/tb_behav.wcfg
source tb.tcl
# set curr_wave [current_wave_config]
# if { [string length $curr_wave] == 0 } {
#   if { [llength [get_objects]] > 0} {
#     add_wave /
#     set_property needs_save false [current_wave_config]
#   } else {
#      send_msg_id Add_Wave-1 WARNING "No top level signals found. Simulator will start without a wave window. If you want to open a wave window go to 'File->New Waveform Configuration' or type 'create_wave_config' in the TCL console."
#   }
# }
# run 1000ns
xsim: Time (s): cpu = 00:00:06 ; elapsed = 00:00:35 . Memory (MB): peak = 1478.734 ; gain = 0.000
INFO: [USF-XSim-96] XSim completed. Design snapshot 'tb_behav' loaded.
INFO: [USF-XSim-97] XSim simulation ran for 1000ns
launch_simulation: Time (s): cpu = 00:00:07 ; elapsed = 00:00:46 . Memory (MB): peak = 1478.734 ; gain = 0.000
run 300us
close_sim
INFO: [Simtcl 6-16] Simulation closed
launch_simulation
Command: launch_simulation 
INFO: [Vivado 12-5698] Checking validity of IPs in the design for the 'XSim' simulator...
INFO: [Vivado 12-5682] Launching behavioral simulation in 'C:/Users/ingenieur_elec_fpga/Desktop/projet_4/project_1/project_1.sim/sim_1/behav/xsim'
INFO: [Vivado 12-4795] Using compiled simulation libraries for IPs
INFO: [SIM-utils-51] Simulation object is 'sim_1'
INFO: [USF-XSim-7] Finding pre-compiled libraries...
INFO: [USF-XSim-11] File 'D:/fpga/Vivado/2020.2/data/xsim/xsim.ini' copied to run dir:'C:/Users/ingenieur_elec_fpga/Desktop/projet_4/project_1/project_1.sim/sim_1/behav/xsim'
INFO: [SIM-utils-54] Inspecting design source files for 'tb' in fileset 'sim_1'...
INFO: [USF-XSim-97] Finding global include files...
INFO: [USF-XSim-98] Fetching design files from 'sim_1'...
INFO: [USF-XSim-2] XSim::Compile design
INFO: [USF-XSim-61] Executing 'COMPILE and ANALYZE' step in 'C:/Users/ingenieur_elec_fpga/Desktop/projet_4/project_1/project_1.sim/sim_1/behav/xsim'
"xvlog --incr --relax -prj tb_vlog.prj"
"xvhdl --incr --relax -prj tb_vhdl.prj"
INFO: [VRFC 10-163] Analyzing VHDL file "C:/Users/ingenieur_elec_fpga/Desktop/projet_4/generateur_pattern.vhd" into library xil_defaultlib
INFO: [VRFC 10-3107] analyzing entity 'generateur_pattern'
INFO: [USF-XSim-69] 'compile' step finished in '4' seconds
INFO: [USF-XSim-3] XSim::Elaborate design
INFO: [USF-XSim-61] Executing 'ELABORATE' step in 'C:/Users/ingenieur_elec_fpga/Desktop/projet_4/project_1/project_1.sim/sim_1/behav/xsim'
"xelab -wto e316016b35bd429cb9275e7e5d953028 --incr --debug typical --relax --mt 2 -L xil_defaultlib -L unisims_ver -L unimacro_ver -L secureip -L xpm --snapshot tb_behav xil_defaultlib.tb xil_defaultlib.glbl -log elaborate.log"
Vivado Simulator 2020.2
Copyright 1986-1999, 2001-2020 Xilinx, Inc. All Rights Reserved.
Running: D:/fpga/Vivado/2020.2/bin/unwrapped/win64.o/xelab.exe -wto e316016b35bd429cb9275e7e5d953028 --incr --debug typical --relax --mt 2 -L xil_defaultlib -L unisims_ver -L unimacro_ver -L secureip -L xpm --snapshot tb_behav xil_defaultlib.tb xil_defaultlib.glbl -log elaborate.log 
Using 2 slave threads.
Starting static elaboration
Pass Through NonSizing Optimizer
Completed static elaboration
Starting simulation data flow analysis
Completed simulation data flow analysis
Time Resolution for simulation is 1ps
Compiling package std.standard
Compiling package std.textio
Compiling package ieee.std_logic_1164
Compiling package ieee.std_logic_arith
Compiling package ieee.std_logic_unsigned
Compiling package ieee.numeric_std
Compiling package vl.vl_types
Compiling module xil_defaultlib.glbl
Compiling module unisims_ver.IBUF
Compiling module unisims_ver.MMCME2_ADV(CLKFBOUT_MULT_F=36.5,...
Compiling module unisims_ver.BUFG
Compiling module xil_defaultlib.clk_wiz_0_clk_wiz
Compiling module xil_defaultlib.clk_wiz_0
Compiling architecture behavioral of entity xil_defaultlib.generateur_pattern [generateur_pattern_default]
Compiling architecture arch_shift_register of entity xil_defaultlib.shift_register [shift_register_default]
Compiling architecture arch_shift_register of entity xil_defaultlib.pixel_buffer [pixel_buffer_default]
Compiling architecture arch_buffer_module of entity xil_defaultlib.buffer_module [buffer_module_default]
Compiling architecture arch_filter_sel of entity xil_defaultlib.filter_selector [filter_selector_default]
Compiling architecture arch_counter of entity xil_defaultlib.sel_counter [sel_counter_default]
Compiling architecture arch_conv_module of entity xil_defaultlib.convolutionModule [convolutionmodule_default]
Compiling architecture arch_counter_enable of entity xil_defaultlib.counter [counter_default]
Compiling architecture arch_counter_write of entity xil_defaultlib.counter_write [counter_write_default]
Compiling architecture arch_enable_write of entity xil_defaultlib.enable_write [enable_write_default]
Compiling architecture arch_system_conv of entity xil_defaultlib.system_conv [system_conv_default]
Compiling architecture behavioral of entity xil_defaultlib.controleur_vga [controleur_vga_default]
Compiling architecture behavioral of entity xil_defaultlib.top [top_default]
Compiling architecture behavioral of entity xil_defaultlib.tb
Built simulation snapshot tb_behav
run_program: Time (s): cpu = 00:00:00 ; elapsed = 00:00:06 . Memory (MB): peak = 1478.734 ; gain = 0.000
INFO: [USF-XSim-69] 'elaborate' step finished in '5' seconds
INFO: [USF-XSim-4] XSim::Simulate design
INFO: [USF-XSim-61] Executing 'SIMULATE' step in 'C:/Users/ingenieur_elec_fpga/Desktop/projet_4/project_1/project_1.sim/sim_1/behav/xsim'
INFO: [USF-XSim-98] *** Running xsim
   with args "tb_behav -key {Behavioral:sim_1:Functional:tb} -tclbatch {tb.tcl} -view {C:/Users/ingenieur_elec_fpga/Desktop/projet_4/project_1/tb_behav.wcfg} -log {simulate.log}"
INFO: [USF-XSim-8] Loading simulator feature
Vivado Simulator 2020.2
Time resolution is 1 ps
open_wave_config C:/Users/ingenieur_elec_fpga/Desktop/projet_4/project_1/tb_behav.wcfg
source tb.tcl
# set curr_wave [current_wave_config]
# if { [string length $curr_wave] == 0 } {
#   if { [llength [get_objects]] > 0} {
#     add_wave /
#     set_property needs_save false [current_wave_config]
#   } else {
#      send_msg_id Add_Wave-1 WARNING "No top level signals found. Simulator will start without a wave window. If you want to open a wave window go to 'File->New Waveform Configuration' or type 'create_wave_config' in the TCL console."
#   }
# }
# run 1000ns
xsim: Time (s): cpu = 00:00:05 ; elapsed = 00:00:34 . Memory (MB): peak = 1478.734 ; gain = 0.000
INFO: [USF-XSim-96] XSim completed. Design snapshot 'tb_behav' loaded.
INFO: [USF-XSim-97] XSim simulation ran for 1000ns
launch_simulation: Time (s): cpu = 00:00:06 ; elapsed = 00:00:44 . Memory (MB): peak = 1478.734 ; gain = 0.000
run 300us
close_sim
INFO: [Simtcl 6-16] Simulation closed
launch_simulation
Command: launch_simulation 
INFO: [Vivado 12-5698] Checking validity of IPs in the design for the 'XSim' simulator...
INFO: [Vivado 12-5682] Launching behavioral simulation in 'C:/Users/ingenieur_elec_fpga/Desktop/projet_4/project_1/project_1.sim/sim_1/behav/xsim'
INFO: [Vivado 12-4795] Using compiled simulation libraries for IPs
INFO: [SIM-utils-51] Simulation object is 'sim_1'
INFO: [USF-XSim-7] Finding pre-compiled libraries...
INFO: [USF-XSim-11] File 'D:/fpga/Vivado/2020.2/data/xsim/xsim.ini' copied to run dir:'C:/Users/ingenieur_elec_fpga/Desktop/projet_4/project_1/project_1.sim/sim_1/behav/xsim'
INFO: [SIM-utils-54] Inspecting design source files for 'tb' in fileset 'sim_1'...
INFO: [USF-XSim-97] Finding global include files...
INFO: [USF-XSim-98] Fetching design files from 'sim_1'...
INFO: [USF-XSim-2] XSim::Compile design
INFO: [USF-XSim-61] Executing 'COMPILE and ANALYZE' step in 'C:/Users/ingenieur_elec_fpga/Desktop/projet_4/project_1/project_1.sim/sim_1/behav/xsim'
"xvlog --incr --relax -prj tb_vlog.prj"
"xvhdl --incr --relax -prj tb_vhdl.prj"
INFO: [VRFC 10-163] Analyzing VHDL file "C:/Users/ingenieur_elec_fpga/Desktop/projet_4/generateur_pattern.vhd" into library xil_defaultlib
INFO: [VRFC 10-3107] analyzing entity 'generateur_pattern'
INFO: [USF-XSim-69] 'compile' step finished in '4' seconds
INFO: [USF-XSim-3] XSim::Elaborate design
INFO: [USF-XSim-61] Executing 'ELABORATE' step in 'C:/Users/ingenieur_elec_fpga/Desktop/projet_4/project_1/project_1.sim/sim_1/behav/xsim'
"xelab -wto e316016b35bd429cb9275e7e5d953028 --incr --debug typical --relax --mt 2 -L xil_defaultlib -L unisims_ver -L unimacro_ver -L secureip -L xpm --snapshot tb_behav xil_defaultlib.tb xil_defaultlib.glbl -log elaborate.log"
Vivado Simulator 2020.2
Copyright 1986-1999, 2001-2020 Xilinx, Inc. All Rights Reserved.
Running: D:/fpga/Vivado/2020.2/bin/unwrapped/win64.o/xelab.exe -wto e316016b35bd429cb9275e7e5d953028 --incr --debug typical --relax --mt 2 -L xil_defaultlib -L unisims_ver -L unimacro_ver -L secureip -L xpm --snapshot tb_behav xil_defaultlib.tb xil_defaultlib.glbl -log elaborate.log 
Using 2 slave threads.
Starting static elaboration
Pass Through NonSizing Optimizer
Completed static elaboration
Starting simulation data flow analysis
Completed simulation data flow analysis
Time Resolution for simulation is 1ps
Compiling package std.standard
Compiling package std.textio
Compiling package ieee.std_logic_1164
Compiling package ieee.std_logic_arith
Compiling package ieee.std_logic_unsigned
Compiling package ieee.numeric_std
Compiling package vl.vl_types
Compiling module xil_defaultlib.glbl
Compiling module unisims_ver.IBUF
Compiling module unisims_ver.MMCME2_ADV(CLKFBOUT_MULT_F=36.5,...
Compiling module unisims_ver.BUFG
Compiling module xil_defaultlib.clk_wiz_0_clk_wiz
Compiling module xil_defaultlib.clk_wiz_0
Compiling architecture behavioral of entity xil_defaultlib.generateur_pattern [generateur_pattern_default]
Compiling architecture arch_shift_register of entity xil_defaultlib.shift_register [shift_register_default]
Compiling architecture arch_shift_register of entity xil_defaultlib.pixel_buffer [pixel_buffer_default]
Compiling architecture arch_buffer_module of entity xil_defaultlib.buffer_module [buffer_module_default]
Compiling architecture arch_filter_sel of entity xil_defaultlib.filter_selector [filter_selector_default]
Compiling architecture arch_counter of entity xil_defaultlib.sel_counter [sel_counter_default]
Compiling architecture arch_conv_module of entity xil_defaultlib.convolutionModule [convolutionmodule_default]
Compiling architecture arch_counter_enable of entity xil_defaultlib.counter [counter_default]
Compiling architecture arch_counter_write of entity xil_defaultlib.counter_write [counter_write_default]
Compiling architecture arch_enable_write of entity xil_defaultlib.enable_write [enable_write_default]
Compiling architecture arch_system_conv of entity xil_defaultlib.system_conv [system_conv_default]
Compiling architecture behavioral of entity xil_defaultlib.controleur_vga [controleur_vga_default]
Compiling architecture behavioral of entity xil_defaultlib.top [top_default]
Compiling architecture behavioral of entity xil_defaultlib.tb
Built simulation snapshot tb_behav
run_program: Time (s): cpu = 00:00:01 ; elapsed = 00:00:06 . Memory (MB): peak = 1478.734 ; gain = 0.000
INFO: [USF-XSim-69] 'elaborate' step finished in '6' seconds
INFO: [USF-XSim-4] XSim::Simulate design
INFO: [USF-XSim-61] Executing 'SIMULATE' step in 'C:/Users/ingenieur_elec_fpga/Desktop/projet_4/project_1/project_1.sim/sim_1/behav/xsim'
INFO: [USF-XSim-98] *** Running xsim
   with args "tb_behav -key {Behavioral:sim_1:Functional:tb} -tclbatch {tb.tcl} -view {C:/Users/ingenieur_elec_fpga/Desktop/projet_4/project_1/tb_behav.wcfg} -log {simulate.log}"
INFO: [USF-XSim-8] Loading simulator feature
Vivado Simulator 2020.2
Time resolution is 1 ps
open_wave_config C:/Users/ingenieur_elec_fpga/Desktop/projet_4/project_1/tb_behav.wcfg
source tb.tcl
# set curr_wave [current_wave_config]
# if { [string length $curr_wave] == 0 } {
#   if { [llength [get_objects]] > 0} {
#     add_wave /
#     set_property needs_save false [current_wave_config]
#   } else {
#      send_msg_id Add_Wave-1 WARNING "No top level signals found. Simulator will start without a wave window. If you want to open a wave window go to 'File->New Waveform Configuration' or type 'create_wave_config' in the TCL console."
#   }
# }
# run 1000ns
xsim: Time (s): cpu = 00:00:05 ; elapsed = 00:00:33 . Memory (MB): peak = 1478.734 ; gain = 0.000
INFO: [USF-XSim-96] XSim completed. Design snapshot 'tb_behav' loaded.
INFO: [USF-XSim-97] XSim simulation ran for 1000ns
launch_simulation: Time (s): cpu = 00:00:06 ; elapsed = 00:00:44 . Memory (MB): peak = 1478.734 ; gain = 0.000
run 300us
restart;run 300us
INFO: [Simtcl 6-17] Simulation restarted
run 1 ms
run: Time (s): cpu = 00:00:04 ; elapsed = 00:00:11 . Memory (MB): peak = 1478.734 ; gain = 0.000
save_wave_config {C:/Users/ingenieur_elec_fpga/Desktop/projet_4/project_1/tb_behav.wcfg}
close_sim
INFO: [Simtcl 6-16] Simulation closed
close_sim: Time (s): cpu = 00:00:02 ; elapsed = 00:00:06 . Memory (MB): peak = 1780.449 ; gain = 0.000
exit
INFO: [Common 17-206] Exiting Vivado at Fri Jun 30 17:32:50 2023...
