#-----------------------------------------------------------
# Vivado v2020.2 (64-bit)
# SW Build 3064766 on Wed Nov 18 09:12:45 MST 2020
# IP Build 3064653 on Wed Nov 18 14:17:31 MST 2020
# Start of session at: Fri Jun 30 09:29:59 2023
# Process ID: 20296
# Current directory: C:/Users/ingenieur_elec_fpga/Desktop/projet_4/project_1
# Command line: vivado.exe -gui_launcher_event rodinguilauncherevent5616 C:\Users\ingenieur_elec_fpga\Desktop\projet_4\project_1\project_1.xpr
# Log file: C:/Users/ingenieur_elec_fpga/Desktop/projet_4/project_1/vivado.log
# Journal file: C:/Users/ingenieur_elec_fpga/Desktop/projet_4/project_1\vivado.jou
#-----------------------------------------------------------
start_gui
open_project C:/Users/ingenieur_elec_fpga/Desktop/projet_4/project_1/project_1.xpr
Scanning sources...
Finished scanning sources
INFO: [IP_Flow 19-234] Refreshing IP repositories
INFO: [IP_Flow 19-1704] No user IP repositories specified
INFO: [IP_Flow 19-2313] Loaded Vivado IP repository 'D:/fpga/Vivado/2020.2/data/ip'.
open_project: Time (s): cpu = 00:00:29 ; elapsed = 00:00:33 . Memory (MB): peak = 981.824 ; gain = 0.000
update_compile_order -fileset sources_1
launch_simulation
Command: launch_simulation 
INFO: [Vivado 12-5698] Checking validity of IPs in the design for the 'XSim' simulator...
INFO: [Vivado 12-5682] Launching behavioral simulation in 'C:/Users/ingenieur_elec_fpga/Desktop/projet_4/project_1/project_1.sim/sim_1/behav/xsim'
INFO: [Vivado 12-4795] Using compiled simulation libraries for IPs
INFO: [SIM-utils-51] Simulation object is 'sim_1'
INFO: [USF-XSim-7] Finding pre-compiled libraries...
INFO: [USF-XSim-11] File 'D:/fpga/Vivado/2020.2/data/xsim/xsim.ini' copied to run dir:'C:/Users/ingenieur_elec_fpga/Desktop/projet_4/project_1/project_1.sim/sim_1/behav/xsim'
INFO: [SIM-utils-54] Inspecting design source files for 'tb' in fileset 'sim_1'...
INFO: [USF-XSim-97] Finding global include files...
INFO: [USF-XSim-98] Fetching design files from 'sim_1'...
INFO: [USF-XSim-2] XSim::Compile design
INFO: [USF-XSim-61] Executing 'COMPILE and ANALYZE' step in 'C:/Users/ingenieur_elec_fpga/Desktop/projet_4/project_1/project_1.sim/sim_1/behav/xsim'
"xvlog --incr --relax -prj tb_vlog.prj"
"xvhdl --incr --relax -prj tb_vhdl.prj"
run_program: Time (s): cpu = 00:00:01 ; elapsed = 00:00:05 . Memory (MB): peak = 981.824 ; gain = 0.000
INFO: [USF-XSim-69] 'compile' step finished in '5' seconds
INFO: [USF-XSim-3] XSim::Elaborate design
INFO: [USF-XSim-61] Executing 'ELABORATE' step in 'C:/Users/ingenieur_elec_fpga/Desktop/projet_4/project_1/project_1.sim/sim_1/behav/xsim'
"xelab -wto e316016b35bd429cb9275e7e5d953028 --incr --debug typical --relax --mt 2 -L xil_defaultlib -L unisims_ver -L unimacro_ver -L secureip -L xpm --snapshot tb_behav xil_defaultlib.tb xil_defaultlib.glbl -log elaborate.log"
Vivado Simulator 2020.2
Copyright 1986-1999, 2001-2020 Xilinx, Inc. All Rights Reserved.
Running: D:/fpga/Vivado/2020.2/bin/unwrapped/win64.o/xelab.exe -wto e316016b35bd429cb9275e7e5d953028 --incr --debug typical --relax --mt 2 -L xil_defaultlib -L unisims_ver -L unimacro_ver -L secureip -L xpm --snapshot tb_behav xil_defaultlib.tb xil_defaultlib.glbl -log elaborate.log 
Using 2 slave threads.
Starting static elaboration
Pass Through NonSizing Optimizer
Completed static elaboration
INFO: [XSIM 43-4323] No Change in HDL. Linking previously generated obj files to create kernel
INFO: [USF-XSim-69] 'elaborate' step finished in '4' seconds
INFO: [USF-XSim-4] XSim::Simulate design
INFO: [USF-XSim-61] Executing 'SIMULATE' step in 'C:/Users/ingenieur_elec_fpga/Desktop/projet_4/project_1/project_1.sim/sim_1/behav/xsim'
INFO: [USF-XSim-98] *** Running xsim
   with args "tb_behav -key {Behavioral:sim_1:Functional:tb} -tclbatch {tb.tcl} -view {C:/Users/ingenieur_elec_fpga/Desktop/projet_4/project_1/tb_behav.wcfg} -log {simulate.log}"
INFO: [USF-XSim-8] Loading simulator feature
Vivado Simulator 2020.2
Time resolution is 1 ps
open_wave_config C:/Users/ingenieur_elec_fpga/Desktop/projet_4/project_1/tb_behav.wcfg
source tb.tcl
# set curr_wave [current_wave_config]
# if { [string length $curr_wave] == 0 } {
#   if { [llength [get_objects]] > 0} {
#     add_wave /
#     set_property needs_save false [current_wave_config]
#   } else {
#      send_msg_id Add_Wave-1 WARNING "No top level signals found. Simulator will start without a wave window. If you want to open a wave window go to 'File->New Waveform Configuration' or type 'create_wave_config' in the TCL console."
#   }
# }
# run 1000ns
xsim: Time (s): cpu = 00:00:13 ; elapsed = 00:00:39 . Memory (MB): peak = 981.824 ; gain = 0.000
INFO: [USF-XSim-96] XSim completed. Design snapshot 'tb_behav' loaded.
INFO: [USF-XSim-97] XSim simulation ran for 1000ns
launch_simulation: Time (s): cpu = 00:00:22 ; elapsed = 00:00:57 . Memory (MB): peak = 981.824 ; gain = 0.000
run 1ms
run: Time (s): cpu = 00:00:01 ; elapsed = 00:00:09 . Memory (MB): peak = 981.824 ; gain = 0.000
save_wave_config {C:/Users/ingenieur_elec_fpga/Desktop/projet_4/project_1/tb_behav.wcfg}
