#-----------------------------------------------------------
# Vivado v2020.2 (64-bit)
# SW Build 3064766 on Wed Nov 18 09:12:45 MST 2020
# IP Build 3064653 on Wed Nov 18 14:17:31 MST 2020
# Start of session at: Wed Jun 28 16:55:51 2023
# Process ID: 8208
# Current directory: D:/AJC projets/VGA phase2/Image_Conv_VHDL_280623v4_filtrage unite/project_1
# Command line: vivado.exe -gui_launcher_event rodinguilauncherevent10648 D:\AJC projets\VGA phase2\Image_Conv_VHDL_280623v4_filtrage unite\project_1\project_1.xpr
# Log file: D:/AJC projets/VGA phase2/Image_Conv_VHDL_280623v4_filtrage unite/project_1/vivado.log
# Journal file: D:/AJC projets/VGA phase2/Image_Conv_VHDL_280623v4_filtrage unite/project_1\vivado.jou
#-----------------------------------------------------------
start_gui
open_project {D:/AJC projets/VGA phase2/Image_Conv_VHDL_280623v4_filtrage unite/project_1/project_1.xpr}
Scanning sources...
Finished scanning sources
INFO: [IP_Flow 19-234] Refreshing IP repositories
INFO: [IP_Flow 19-1704] No user IP repositories specified
INFO: [IP_Flow 19-2313] Loaded Vivado IP repository 'E:/Vivado/2020.2/data/ip'.
open_project: Time (s): cpu = 00:00:16 ; elapsed = 00:00:07 . Memory (MB): peak = 1144.219 ; gain = 0.000
update_compile_order -fileset sources_1
exit
INFO: [Common 17-206] Exiting Vivado at Wed Jun 28 17:22:43 2023...
